<?xml version="1.0" encoding="UTF-8"?>
<!-- Generated by org.testng.reporters.JUnitReportReporter -->
<testsuite hostname="Punya-Hani-2.local" failures="0" tests="5" name="com.qa.opencart.tests.HomePageTest" time="15.808" errors="0" timestamp="2024-07-25T12:59:14 WIB" skipped="0">
  <testcase classname="com.qa.opencart.tests.HomePageTest" name="homePageTitleTest" time="0.009"/>
  <testcase classname="com.qa.opencart.tests.HomePageTest" name="searchTest" time="5.276"/>
  <testcase classname="com.qa.opencart.tests.HomePageTest" name="searchTest" time="5.237"/>
  <testcase classname="com.qa.opencart.tests.HomePageTest" name="homePageURLTest" time="0.001"/>
  <testcase classname="com.qa.opencart.tests.HomePageTest" name="searchTest" time="5.285"/>
</testsuite> <!-- com.qa.opencart.tests.HomePageTest -->
