<?xml version="1.0" encoding="UTF-8"?>
<!-- Generated by org.testng.reporters.JUnitReportReporter -->
<testsuite hostname="Punya-Hani-2.local" failures="0" tests="5" name="com.qa.opencart.tests.LoginTMDBTest" time="13.647" errors="0" timestamp="2024-07-31T18:15:30 WIB" skipped="2">
  <testcase classname="com.qa.opencart.tests.LoginTMDBTest" name="filteringMoviesByPopularityTest" time="13.469"/>
  <system-out/>
  <testcase classname="com.qa.opencart.tests.LoginTMDBTest" name="filteringMoviesByReleaseDateTest" time="0.090"/>
  <system-out/>
  <testcase classname="com.qa.opencart.tests.LoginTMDBTest" name="filteringMoviesByCreatedAtTest" time="0.088"/>
  <system-out/>
  <testcase classname="com.qa.opencart.tests.LoginTMDBTest" name="markSeriesTest">
    <skipped/>
  </testcase> <!-- markSeriesTest -->
  <system-out/>
  <testcase classname="com.qa.opencart.tests.LoginTMDBTest" name="markMoviesTest">
    <skipped/>
  </testcase> <!-- markMoviesTest -->
  <system-out/>
</testsuite> <!-- com.qa.opencart.tests.LoginTMDBTest -->
